[35m[Appium][39m Welcome to Appium v2.9.0
[35m[Appium][39m Non-default server args:
[35m[Appium][39m { basePath: [32m'/wd/hub'[39m, loglevel: [32m'info'[39m, port: [33m61017[39m }
[35m[Appium][39m Attempting to load driver uiautomator2...
[35m[Appium][39m Appium REST http interface listener started on http://0.0.0.0:61017/wd/hub
[35m[Appium][39m You can provide the following URLs in your client code to connect to this server:
[35m[Appium][39m 	http://192.168.56.1:61017/wd/hub
[35m[Appium][39m 	http://192.168.0.102:61017/wd/hub
[35m[Appium][39m 	http://127.0.0.1:61017/wd/hub (only accessible from the same host)
[35m[Appium][39m Available drivers:
[35m[Appium][39m   - uiautomator2@2.45.1 (automationName 'UiAutomator2')
[35m[Appium][39m No plugins have been installed. Use the "appium plugin" command to install the one(s) you want to use.
[38;5;0m[HTTP][0m [37m-->[39m [37mGET[39m [37m/wd/hub/status[39m
[38;5;0m[HTTP][0m [90m{}[39m
[38;5;0m[HTTP][0m [37m<-- GET /wd/hub/status [39m[32m200[39m [90m4 ms - 110[39m
[38;5;0m[HTTP][0m [90m[39m
[38;5;0m[HTTP][0m [37m-->[39m [37mGET[39m [37m/wd/hub/status[39m
[38;5;0m[HTTP][0m [90m{}[39m
[38;5;0m[HTTP][0m [37m<-- GET /wd/hub/status [39m[32m200[39m [90m1 ms - 110[39m
[38;5;0m[HTTP][0m [90m[39m
[38;5;0m[HTTP][0m [37m-->[39m [37mPOST[39m [37m/wd/hub/session[39m
[38;5;0m[HTTP][0m [90m{"desiredCapabilities":{"appium:systemPort":61034,"appium:newCommandTimeout":1800,"appium:automationName":"uiautomator2","appium:fullReset":false,"appium:platformVersion":"8.1.0","appium:noReset":true,"appium:udid":"UGU8MNJJGEDQDECY","appium:autoGrantPermissions":true,"appium:platformName":"ANDROID","appium:deviceName":"OPPO CPH1909 (Android 8.1.0)","platformName":"Android","appium:app":"C:\\Users\\febib\\Katalon Studio\\katalon-taskmobile-DominicaF\\Solodroid.apk"},"capabilities":{"firstMatch":[{"appium:app":"C:\\Users\\febib\\Katalon Studio\\katalon-taskmobile-DominicaF\\Solodroid.apk","appium:autoGrantPermissions":true,"appium:automationName":"uiautomator2","appium:deviceName":"OPPO CPH1909 (Android 8.1.0)","appium:fullReset":false,"appium:newCommandTimeout":1800,"appium:noReset":true,"appium:platformName":"ANDROID","appium:platformVersion":"8.1.0","appium:systemPort":61034,"appium:udid":"UGU8MNJJGEDQDECY","platformName":"android"}]}}[39m
[38;5;32m[BaseDriver][0m Ignoring capability 'appium:platformName=ANDROID' and using capability 'platformName=android'
[38;5;32m[BaseDriver][0m The capabilities ["platformName"] are standard capabilities and do not require "appium:" prefix
[35m[Appium][39m Attempting to find matching driver for automationName 'uiautomator2' and platformName 'android'
[35m[Appium][39m The 'uiautomator2' driver was installed and matched caps.
[35m[Appium][39m Will require it at C:\Users\febib\.appium\node_modules\appium-uiautomator2-driver
[38;5;16m[AppiumDriver@af09][0m Appium v2.9.0 creating new AndroidUiautomator2Driver (v2.45.1) session
[38;5;16m[AppiumDriver@af09][0m Checking BaseDriver versions for Appium and AndroidUiautomator2Driver
[38;5;16m[AppiumDriver@af09][0m Appium's BaseDriver version is 9.9.0
[38;5;16m[AppiumDriver@af09][0m AndroidUiautomator2Driver's BaseDriver version is 9.9.0
[38;5;48m[AndroidUiautomator2Driver@0dd3 (04fc18c7)][0m Session created with session id: 04fc18c7-1b51-4c00-918b-b73b51308b50
[38;5;64m[ADB][0m Found 1 'build-tools' folders under 'C:\Users\febib\.katalon\tools\android_sdk' (newest first):
[38;5;64m[ADB][0m     C:\Users\febib\.katalon\tools\android_sdk\build-tools\29.0.3
[38;5;64m[ADB][0m Using 'adb.exe' from 'C:\Users\febib\.katalon\tools\android_sdk\platform-tools\adb.exe'
[38;5;48m[AndroidUiautomator2Driver@0dd3 (04fc18c7)][0m Retrieving device list
[38;5;48m[AndroidUiautomator2Driver@0dd3 (04fc18c7)][0m Using device: UGU8MNJJGEDQDECY
[38;5;64m[ADB][0m Using 'adb.exe' from 'C:\Users\febib\.katalon\tools\android_sdk\platform-tools\adb.exe'
[38;5;32m[BaseDriver][0m Using local app 'C:\Users\febib\Katalon Studio\katalon-taskmobile-DominicaF\Solodroid.apk'
[38;5;64m[ADB][0m Package name: 'com.solodroid.solomerce'
[38;5;64m[ADB][0m Main activity name: 'com.solodroid.solomerce.activities.ActivitySplash'
[38;5;64m[ADB][0m The application at 'C:\Users\febib\.appium\node_modules\appium-uiautomator2-driver\node_modules\io.appium.settings\apks\settings_apk-debug.apk' will not be cached, because the device under test has confirmed the support of streamed installs
[38;5;64m[ADB][0m The installation of 'settings_apk-debug.apk' took 4079ms
[38;5;64m[ADB][0m Using 'apksigner.jar' from 'C:\Users\febib\.katalon\tools\android_sdk\build-tools\29.0.3\lib\apksigner.jar'
[38;5;64m[ADB][0m 'C:\Users\febib\.appium\node_modules\appium-uiautomator2-driver\node_modules\appium-uiautomator2-server\apks\appium-uiautomator2-server-debug-androidTest.apk' is signed with the default certificate
[38;5;64m[ADB][0m 'C:\Users\febib\.appium\node_modules\appium-uiautomator2-driver\node_modules\appium-uiautomator2-server\apks\appium-uiautomator2-server-v6.0.9.apk' is signed with the default certificate
[38;5;48m[AndroidUiautomator2Driver@0dd3 (04fc18c7)][0m Server packages are not going to be (re)installed
[38;5;64m[ADB][0m 'C:\Users\febib\Katalon Studio\katalon-taskmobile-DominicaF\Solodroid.apk' is signed with a non-default certificate
[38;5;64m[ADB][0m The application at 'C:\Users\febib\Katalon Studio\katalon-taskmobile-DominicaF\Solodroid.apk' will not be cached, because the device under test has confirmed the support of streamed installs
[38;5;64m[ADB][0m Adding packages ["io.appium.settings","io.appium.uiautomator2.server","io.appium.uiautomator2.server.test"] to Doze whitelist
[38;5;64m[ADB][0m The installation of 'Solodroid.apk' took 5655ms
[38;5;48m[AndroidUiautomator2Driver@0dd3 (04fc18c7)][0m Starting UIAutomator2 server 6.0.9
[38;5;48m[AndroidUiautomator2Driver@0dd3 (04fc18c7)][0m Using UIAutomator2 server from 'C:\Users\febib\.appium\node_modules\appium-uiautomator2-driver\node_modules\appium-uiautomator2-server\apks\appium-uiautomator2-server-v6.0.9.apk' and test from 'C:\Users\febib\.appium\node_modules\appium-uiautomator2-driver\node_modules\appium-uiautomator2-server\apks\appium-uiautomator2-server-debug-androidTest.apk'
[38;5;48m[AndroidUiautomator2Driver@0dd3 (04fc18c7)][0m Waiting up to 30000ms for UiAutomator2 to be online...
[38;5;48m[AndroidUiautomator2Driver@0dd3 (04fc18c7)][0m socket hang up
[38;5;48m[AndroidUiautomator2Driver@0dd3 (04fc18c7)][0m socket hang up
[38;5;48m[AndroidUiautomator2Driver@0dd3 (04fc18c7)][0m socket hang up
[38;5;48m[AndroidUiautomator2Driver@0dd3 (04fc18c7)][0m socket hang up
[38;5;48m[AndroidUiautomator2Driver@0dd3 (04fc18c7)][0m socket hang up
[38;5;48m[AndroidUiautomator2Driver@0dd3 (04fc18c7)][0m Determined the downstream protocol as 'W3C'
[38;5;48m[AndroidUiautomator2Driver@0dd3 (04fc18c7)][0m Screen already unlocked, doing nothing
[38;5;48m[AndroidUiautomator2Driver@0dd3 (04fc18c7)][0m Starting 'com.solodroid.solomerce/com.solodroid.solomerce.activities.ActivitySplash and waiting for 'com.solodroid.solomerce/com.solodroid.solomerce.activities.ActivitySplash'
[38;5;16m[AppiumDriver@af09][0m New AndroidUiautomator2Driver session created successfully, session 04fc18c7-1b51-4c00-918b-b73b51308b50 added to master session list
[38;5;0m[HTTP][0m [37m<-- POST /wd/hub/session [39m[32m200[39m [90m21106 ms - 1257[39m
[38;5;0m[HTTP][0m [90m[39m
[38;5;0m[HTTP][0m [37m-->[39m [37mGET[39m [37m/wd/hub/session/04fc18c7-1b51-4c00-918b-b73b51308b50[39m
[38;5;0m[HTTP][0m [90m{}[39m
[38;5;0m[HTTP][0m [37m<-- GET /wd/hub/session/04fc18c7-1b51-4c00-918b-b73b51308b50 [39m[32m200[39m [90m31 ms - 377[39m
[38;5;0m[HTTP][0m [90m[39m
[38;5;0m[HTTP][0m [37m-->[39m [37mGET[39m [37m/wd/hub/session/04fc18c7-1b51-4c00-918b-b73b51308b50[39m
[38;5;0m[HTTP][0m [90m{}[39m
[38;5;0m[HTTP][0m [37m<-- GET /wd/hub/session/04fc18c7-1b51-4c00-918b-b73b51308b50 [39m[32m200[39m [90m24 ms - 377[39m
[38;5;0m[HTTP][0m [90m[39m
[38;5;0m[HTTP][0m [37m-->[39m [37mGET[39m [37m/wd/hub/status[39m
[38;5;0m[HTTP][0m [90m{}[39m
[38;5;0m[HTTP][0m [37m<-- GET /wd/hub/status [39m[32m200[39m [90m1 ms - 110[39m
[38;5;0m[HTTP][0m [90m[39m
[38;5;0m[HTTP][0m [37m-->[39m [37mPOST[39m [37m/wd/hub/session/04fc18c7-1b51-4c00-918b-b73b51308b50/timeouts[39m
[38;5;0m[HTTP][0m [90m{"implicit":60000}[39m
[38;5;0m[HTTP][0m [37m<-- POST /wd/hub/session/04fc18c7-1b51-4c00-918b-b73b51308b50/timeouts [39m[32m200[39m [90m2 ms - 14[39m
[38;5;0m[HTTP][0m [90m[39m
[38;5;0m[HTTP][0m [37m-->[39m [37mGET[39m [37m/wd/hub/session/04fc18c7-1b51-4c00-918b-b73b51308b50/source[39m
[38;5;0m[HTTP][0m [90m{}[39m
[38;5;48m[AndroidUiautomator2Driver@0dd3 (04fc18c7)][0m Driver proxy active, passing request on via HTTP proxy
[38;5;48m[AndroidUiautomator2Driver@0dd3 (04fc18c7)][0m Replacing sessionId 1da29c55-a31c-4ed4-8c36-3d3e4b371d8f with 04fc18c7-1b51-4c00-918b-b73b51308b50
[38;5;0m[HTTP][0m [37m<-- GET /wd/hub/session/04fc18c7-1b51-4c00-918b-b73b51308b50/source [39m[32m200[39m [90m618 ms - 3671[39m
[38;5;0m[HTTP][0m [90m[39m
[38;5;0m[HTTP][0m [37m-->[39m [37mGET[39m [37m/wd/hub/session/04fc18c7-1b51-4c00-918b-b73b51308b50/screenshot[39m
[38;5;0m[HTTP][0m [90m{}[39m
[38;5;0m[HTTP][0m [37m<-- GET /wd/hub/session/04fc18c7-1b51-4c00-918b-b73b51308b50/screenshot [39m[32m200[39m [90m580 ms - 173620[39m
[38;5;0m[HTTP][0m [90m[39m
[38;5;0m[HTTP][0m [37m-->[39m [37mGET[39m [37m/wd/hub/session/04fc18c7-1b51-4c00-918b-b73b51308b50/source[39m
[38;5;0m[HTTP][0m [90m{}[39m
[38;5;48m[AndroidUiautomator2Driver@0dd3 (04fc18c7)][0m Driver proxy active, passing request on via HTTP proxy
[38;5;48m[AndroidUiautomator2Driver@0dd3 (04fc18c7)][0m Replacing sessionId 1da29c55-a31c-4ed4-8c36-3d3e4b371d8f with 04fc18c7-1b51-4c00-918b-b73b51308b50
[38;5;0m[HTTP][0m [37m<-- GET /wd/hub/session/04fc18c7-1b51-4c00-918b-b73b51308b50/source [39m[32m200[39m [90m487 ms - 20908[39m
[38;5;0m[HTTP][0m [90m[39m
[38;5;0m[HTTP][0m [37m-->[39m [37mGET[39m [37m/wd/hub/session/04fc18c7-1b51-4c00-918b-b73b51308b50/screenshot[39m
[38;5;0m[HTTP][0m [90m{}[39m
[38;5;0m[HTTP][0m [37m<-- GET /wd/hub/session/04fc18c7-1b51-4c00-918b-b73b51308b50/screenshot [39m[32m200[39m [90m1169 ms - 872088[39m
[38;5;0m[HTTP][0m [90m[39m
[38;5;0m[HTTP][0m [37m-->[39m [37mPOST[39m [37m/wd/hub/session/04fc18c7-1b51-4c00-918b-b73b51308b50/elements[39m
[38;5;0m[HTTP][0m [90m{"using":"xpath","value":"//*[@class = 'android.widget.TextView' and (@text = 'Fashions' or . = 'Fashions')]"}[39m
[38;5;0m[HTTP][0m [37m<-- POST /wd/hub/session/04fc18c7-1b51-4c00-918b-b73b51308b50/elements [39m[32m200[39m [90m1664 ms - 139[39m
[38;5;0m[HTTP][0m [90m[39m
[38;5;0m[HTTP][0m [37m-->[39m [37mDELETE[39m [37m/wd/hub/session/04fc18c7-1b51-4c00-918b-b73b51308b50[39m
[38;5;0m[HTTP][0m [90m{}[39m
[38;5;16m[AppiumDriver@af09][0m Removing session 04fc18c7-1b51-4c00-918b-b73b51308b50 from our master session list
[38;5;0m[HTTP][0m [37m<-- DELETE /wd/hub/session/04fc18c7-1b51-4c00-918b-b73b51308b50 [39m[32m200[39m [90m91 ms - 14[39m
[38;5;0m[HTTP][0m [90m[39m
